<?xml version="1.0" encoding="UTF-8"?>
<!-- Generated by org.testng.reporters.JUnitXMLReporter -->
<testsuite hostname="DVA-F0L9N9R-L" name="Test" tests="5" failures="0" timestamp="15 Jun 2017 12:37:37 GMT" time="123.577" errors="0">
  <testcase name="@BeforeClass buildUp" time="0.0" classname="com.vh.ui.tests.MedicalEquipmentTest">
    <failure type="java.lang.AssertionError" message="Failed to identify UserName text field expected [true] but found [false]">
      <![CDATA[java.lang.AssertionError: Failed to identify UserName text field expected [true] but found [false]
	at com.vh.ui.actions.ApplicationFunctions.capellaLogin(ApplicationFunctions.java:84)
	at com.vh.ui.tests.MedicalEquipmentTest.buildUp(MedicalEquipmentTest.java:53)
... Removed 27 stack frames]]>
    </failure>
  </testcase> <!-- @BeforeClass buildUp -->
  <testcase name="@AfterClass tearDown" time="0.0" classname="com.vh.ui.tests.MedicalEquipmentTest">
    <skipped/>
  </testcase> <!-- @AfterClass tearDown -->
  <testcase name="verify_MedicalEquipmentPage" time="0.037" classname="com.vh.ui.tests.MedicalEquipmentTest">
    <skipped/>
  </testcase> <!-- verify_MedicalEquipmentPage -->
  <testcase name="verify_AddMedicalEquipmentPopup" time="0.006" classname="com.vh.ui.tests.MedicalEquipmentTest">
    <skipped/>
  </testcase> <!-- verify_AddMedicalEquipmentPopup -->
  <testcase name="AddMedicalEquipment" time="0.003" classname="com.vh.ui.tests.MedicalEquipmentTest">
    <skipped/>
  </testcase> <!-- AddMedicalEquipment -->
  <testcase name="verify_EditableFields" time="0.003" classname="com.vh.ui.tests.MedicalEquipmentTest">
    <skipped/>
  </testcase> <!-- verify_EditableFields -->
  <testcase name="verify_ColumnSorting" time="0.002" classname="com.vh.ui.tests.MedicalEquipmentTest">
    <skipped/>
  </testcase> <!-- verify_ColumnSorting -->
</testsuite> <!-- Test -->
