<?xml version="1.0" encoding="UTF-8"?>
<!-- Generated by org.testng.reporters.JUnitXMLReporter -->
<testsuite hostname="WINDOWS-QR0QHM0" name="APIPPOC" tests="10" failures="1" timestamp="20 Nov 2016 21:41:47 GMT" time="45.577" errors="0">
  <testcase name="GetPatientDetailsTest" time="28.831" classname="com.vh.api.test.DemographicsAPITest"/>
  <testcase name="GetPatientDetailsTest" time="0.751" classname="com.vh.api.test.DemographicsAPITest"/>
  <testcase name="GetPatientDetailsTest" time="1.083" classname="com.vh.api.test.DemographicsAPITest"/>
  <testcase name="GetPatientDetailsTest" time="0.696" classname="com.vh.api.test.DemographicsAPITest"/>
  <testcase name="GetPatientDetailsTest" time="0.744" classname="com.vh.api.test.DemographicsAPITest"/>
  <testcase name="GetPatientDetailsTest" time="3.774" classname="com.vh.api.test.DemographicsAPITest"/>
  <testcase name="GetPtContactsTest" time="0.585" classname="com.vh.api.test.PatientAPITest"/>
  <testcase name="GetTeamUsersAllTest" time="1.067" classname="com.vh.api.test.UserAPITest"/>
  <testcase name="GetVHNChartMetricDataTest" time="1.603" classname="com.vh.api.test.UserAPITest">
    <failure type="java.lang.AssertionError" message="Response status value  expected [2] but found [3]">
      <![CDATA[java.lang.AssertionError: Response status value  expected [2] but found [3]
	at com.vh.api.user.steps.UserSteps.GetVHNChartMetricData(UserSteps.java:72)
	at com.vh.api.test.UserAPITest.GetVHNChartMetricDataTest(UserAPITest.java:47)
... Removed 27 stack frames]]>
    </failure>
  </testcase> <!-- GetVHNChartMetricDataTest -->
  <testcase name="GetMenuOfActionTest" time="1.679" classname="com.vh.api.test.UtilityAPITest"/>
</testsuite> <!-- APIPPOC -->
